CRITICAL - 2025-06-16 22:45:24 --> ErrorException: Undefined variable $q
[Method: GET, Route: admin/artikel]
in APPPATH\Views\artikel\admin_index.php on line 9.
 1 APPPATH\Views\artikel\admin_index.php(9): CodeIgniter\Debug\Exceptions->errorHandler(2, 'Undefined variable $q', 'C:\\xampp\\htdocs\\lab11_ci rev 1\\ci4\\app\\Views\\artikel\\admin_index.php', 9)
 2 SYSTEMPATH\View\View.php(224): include('C:\\xampp\\htdocs\\lab11_ci rev 1\\ci4\\app\\Views\\artikel\\admin_index.php')
 3 SYSTEMPATH\View\View.php(227): CodeIgniter\View\View->CodeIgniter\View\{closure}()
 4 SYSTEMPATH\Common.php(1173): CodeIgniter\View\View->render('artikel/admin_index', [], true)
 5 APPPATH\Controllers\Artikel.php(66): view('artikel/admin_index', [...])
 6 SYSTEMPATH\CodeIgniter.php(933): App\Controllers\Artikel->admin_index()
 7 SYSTEMPATH\CodeIgniter.php(507): CodeIgniter\CodeIgniter->runController(Object(App\Controllers\Artikel))
 8 SYSTEMPATH\CodeIgniter.php(354): CodeIgniter\CodeIgniter->handleRequest(null, Object(Config\Cache), false)
 9 SYSTEMPATH\Boot.php(334): CodeIgniter\CodeIgniter->run()
10 SYSTEMPATH\Boot.php(67): CodeIgniter\Boot::runCodeIgniter(Object(CodeIgniter\CodeIgniter))
11 FCPATH\index.php(56): CodeIgniter\Boot::bootWeb(Object(Config\Paths))
12 SYSTEMPATH\rewrite.php(44): require_once('C:\\xampp\\htdocs\\lab11_ci rev 1\\ci4\\public\\index.php')
CRITICAL - 2025-06-16 23:04:14 --> Error: Call to undefined method CodeIgniter\Pager\Pager::getLinks()
[Method: GET, Route: admin/artikel]
in APPPATH\Controllers\Artikel.php on line 60.
 1 SYSTEMPATH\CodeIgniter.php(933): App\Controllers\Artikel->admin_index()
 2 SYSTEMPATH\CodeIgniter.php(507): CodeIgniter\CodeIgniter->runController(Object(App\Controllers\Artikel))
 3 SYSTEMPATH\CodeIgniter.php(354): CodeIgniter\CodeIgniter->handleRequest(null, Object(Config\Cache), false)
 4 SYSTEMPATH\Boot.php(334): CodeIgniter\CodeIgniter->run()
 5 SYSTEMPATH\Boot.php(67): CodeIgniter\Boot::runCodeIgniter(Object(CodeIgniter\CodeIgniter))
 6 FCPATH\index.php(56): CodeIgniter\Boot::bootWeb(Object(Config\Paths))
 7 SYSTEMPATH\rewrite.php(44): require_once('C:\\xampp\\htdocs\\lab11_ci rev 1\\ci4\\public\\index.php')
CRITICAL - 2025-06-16 23:04:43 --> Error: Call to undefined method CodeIgniter\Pager\Pager::getLinks()
[Method: GET, Route: admin/artikel]
in APPPATH\Controllers\Artikel.php on line 60.
 1 SYSTEMPATH\CodeIgniter.php(933): App\Controllers\Artikel->admin_index()
 2 SYSTEMPATH\CodeIgniter.php(507): CodeIgniter\CodeIgniter->runController(Object(App\Controllers\Artikel))
 3 SYSTEMPATH\CodeIgniter.php(354): CodeIgniter\CodeIgniter->handleRequest(null, Object(Config\Cache), false)
 4 SYSTEMPATH\Boot.php(334): CodeIgniter\CodeIgniter->run()
 5 SYSTEMPATH\Boot.php(67): CodeIgniter\Boot::runCodeIgniter(Object(CodeIgniter\CodeIgniter))
 6 FCPATH\index.php(56): CodeIgniter\Boot::bootWeb(Object(Config\Paths))
 7 SYSTEMPATH\rewrite.php(44): require_once('C:\\xampp\\htdocs\\lab11_ci rev 1\\ci4\\public\\index.php')
CRITICAL - 2025-06-16 23:05:47 --> Error: Call to undefined method CodeIgniter\Pager\Pager::getLinks()
[Method: GET, Route: admin/artikel]
in APPPATH\Controllers\Artikel.php on line 60.
 1 SYSTEMPATH\CodeIgniter.php(933): App\Controllers\Artikel->admin_index()
 2 SYSTEMPATH\CodeIgniter.php(507): CodeIgniter\CodeIgniter->runController(Object(App\Controllers\Artikel))
 3 SYSTEMPATH\CodeIgniter.php(354): CodeIgniter\CodeIgniter->handleRequest(null, Object(Config\Cache), false)
 4 SYSTEMPATH\Boot.php(334): CodeIgniter\CodeIgniter->run()
 5 SYSTEMPATH\Boot.php(67): CodeIgniter\Boot::runCodeIgniter(Object(CodeIgniter\CodeIgniter))
 6 FCPATH\index.php(56): CodeIgniter\Boot::bootWeb(Object(Config\Paths))
 7 SYSTEMPATH\rewrite.php(44): require_once('C:\\xampp\\htdocs\\lab11_ci rev 1\\ci4\\public\\index.php')
CRITICAL - 2025-06-16 23:05:50 --> Error: Call to undefined method CodeIgniter\Pager\Pager::getLinks()
[Method: GET, Route: admin/artikel]
in APPPATH\Controllers\Artikel.php on line 60.
 1 SYSTEMPATH\CodeIgniter.php(933): App\Controllers\Artikel->admin_index()
 2 SYSTEMPATH\CodeIgniter.php(507): CodeIgniter\CodeIgniter->runController(Object(App\Controllers\Artikel))
 3 SYSTEMPATH\CodeIgniter.php(354): CodeIgniter\CodeIgniter->handleRequest(null, Object(Config\Cache), false)
 4 SYSTEMPATH\Boot.php(334): CodeIgniter\CodeIgniter->run()
 5 SYSTEMPATH\Boot.php(67): CodeIgniter\Boot::runCodeIgniter(Object(CodeIgniter\CodeIgniter))
 6 FCPATH\index.php(56): CodeIgniter\Boot::bootWeb(Object(Config\Paths))
 7 SYSTEMPATH\rewrite.php(44): require_once('C:\\xampp\\htdocs\\lab11_ci rev 1\\ci4\\public\\index.php')
CRITICAL - 2025-06-16 23:06:33 --> Error: Call to undefined method CodeIgniter\Pager\Pager::getLinks()
[Method: GET, Route: admin/artikel]
in APPPATH\Controllers\Artikel.php on line 60.
 1 SYSTEMPATH\CodeIgniter.php(933): App\Controllers\Artikel->admin_index()
 2 SYSTEMPATH\CodeIgniter.php(507): CodeIgniter\CodeIgniter->runController(Object(App\Controllers\Artikel))
 3 SYSTEMPATH\CodeIgniter.php(354): CodeIgniter\CodeIgniter->handleRequest(null, Object(Config\Cache), false)
 4 SYSTEMPATH\Boot.php(334): CodeIgniter\CodeIgniter->run()
 5 SYSTEMPATH\Boot.php(67): CodeIgniter\Boot::runCodeIgniter(Object(CodeIgniter\CodeIgniter))
 6 FCPATH\index.php(56): CodeIgniter\Boot::bootWeb(Object(Config\Paths))
 7 SYSTEMPATH\rewrite.php(44): require_once('C:\\xampp\\htdocs\\lab11_ci rev 1\\ci4\\public\\index.php')
CRITICAL - 2025-06-16 23:07:15 --> Error: Call to undefined method CodeIgniter\Pager\Pager::getLinks()
[Method: GET, Route: admin/artikel]
in APPPATH\Controllers\Artikel.php on line 61.
 1 SYSTEMPATH\CodeIgniter.php(933): App\Controllers\Artikel->admin_index()
 2 SYSTEMPATH\CodeIgniter.php(507): CodeIgniter\CodeIgniter->runController(Object(App\Controllers\Artikel))
 3 SYSTEMPATH\CodeIgniter.php(354): CodeIgniter\CodeIgniter->handleRequest(null, Object(Config\Cache), false)
 4 SYSTEMPATH\Boot.php(334): CodeIgniter\CodeIgniter->run()
 5 SYSTEMPATH\Boot.php(67): CodeIgniter\Boot::runCodeIgniter(Object(CodeIgniter\CodeIgniter))
 6 FCPATH\index.php(56): CodeIgniter\Boot::bootWeb(Object(Config\Paths))
 7 SYSTEMPATH\rewrite.php(44): require_once('C:\\xampp\\htdocs\\lab11_ci rev 1\\ci4\\public\\index.php')
CRITICAL - 2025-06-16 23:07:18 --> Error: Call to undefined method CodeIgniter\Pager\Pager::getLinks()
[Method: GET, Route: admin/artikel]
in APPPATH\Controllers\Artikel.php on line 61.
 1 SYSTEMPATH\CodeIgniter.php(933): App\Controllers\Artikel->admin_index()
 2 SYSTEMPATH\CodeIgniter.php(507): CodeIgniter\CodeIgniter->runController(Object(App\Controllers\Artikel))
 3 SYSTEMPATH\CodeIgniter.php(354): CodeIgniter\CodeIgniter->handleRequest(null, Object(Config\Cache), false)
 4 SYSTEMPATH\Boot.php(334): CodeIgniter\CodeIgniter->run()
 5 SYSTEMPATH\Boot.php(67): CodeIgniter\Boot::runCodeIgniter(Object(CodeIgniter\CodeIgniter))
 6 FCPATH\index.php(56): CodeIgniter\Boot::bootWeb(Object(Config\Paths))
 7 SYSTEMPATH\rewrite.php(44): require_once('C:\\xampp\\htdocs\\lab11_ci rev 1\\ci4\\public\\index.php')
CRITICAL - 2025-06-16 23:07:28 --> ParseError: syntax error, unexpected token "=>", expecting "]"
[Method: GET, Route: admin/artikel]
in APPPATH\Controllers\Artikel.php on line 61.
 1 SYSTEMPATH\Autoloader\Autoloader.php(295): CodeIgniter\Autoloader\Autoloader->includeFile('C:\\xampp\\htdocs\\lab11_ci rev 1\\ci4\\app\\Controllers\\Artikel.php')
 2 SYSTEMPATH\Autoloader\Autoloader.php(271): CodeIgniter\Autoloader\Autoloader->loadInNamespace('App\\Controllers\\Artikel')
 3 [internal function]: CodeIgniter\Autoloader\Autoloader->loadClass('App\\Controllers\\Artikel')
 4 SYSTEMPATH\CodeIgniter.php(885): class_exists('\\App\\Controllers\\Artikel', true)
 5 SYSTEMPATH\CodeIgniter.php(494): CodeIgniter\CodeIgniter->startController()
 6 SYSTEMPATH\CodeIgniter.php(354): CodeIgniter\CodeIgniter->handleRequest(null, Object(Config\Cache), false)
 7 SYSTEMPATH\Boot.php(334): CodeIgniter\CodeIgniter->run()
 8 SYSTEMPATH\Boot.php(67): CodeIgniter\Boot::runCodeIgniter(Object(CodeIgniter\CodeIgniter))
 9 FCPATH\index.php(56): CodeIgniter\Boot::bootWeb(Object(Config\Paths))
10 SYSTEMPATH\rewrite.php(44): require_once('C:\\xampp\\htdocs\\lab11_ci rev 1\\ci4\\public\\index.php')
